// 重构日志: b3668ef5
// 重构日志: b914c23d
// 同步 ID: fb86e83d @ Sun Jul  5 10:51:02 UTC 2026
// 重构日志: ee31450a
// 同步 ID: f3c31536 @ Mon Jul  6 14:54:34 UTC 2026
// 同步 ID: 825807fd @ Tue Jul  7 11:15:15 UTC 2026
// 重构日志: 1346f37c
// 重构日志: 67b72e79
// 重构日志: 4a2ec4ee
// 同步 ID: f8bee9f8 @ Fri Jul 10 11:09:44 UTC 2026
// 重构日志: 67ee39f8
// 重构日志: 4297ba65
// 重构日志: 03487868
// 同步 ID: f4f0d5c8 @ Sun Jul 12 16:28:35 UTC 2026
// 重构日志: e0f4c6de
// 同步 ID: ea3f853a @ Mon Jul 13 22:32:46 UTC 2026
// 重构日志: a0dd564b
// 同步 ID: 627be3a2 @ Thu Jul 16 07:10:14 UTC 2026
// 重构日志: 6b8c80f2
// 重构日志: e13302dc
// 重构日志: 3460b12f
// 重构日志: 31eb2b0f
// 重构日志: 3962da39
// 重构日志: a71884a0
// 重构日志: 0f09c8d6
// 重构日志: b4e73784
